<?xml version="1.0" encoding="UTF-8"?>
<!-- Generated by org.testng.reporters.JUnitReportReporter -->
<testsuite name="getRequest.GetData" tests="1" time="1.858" ignored="0" failures="0" timestamp="28 Apr 2018 18:52:05 GMT" skipped="0" hostname="SATWIKs-MacBook-Air.local" errors="0">
  <testcase name="testResponsecode" time="1.858" classname="getRequest.GetData"/>
</testsuite> <!-- getRequest.GetData -->
